<?xml version="1.0" encoding="UTF-8"?>
<testng-results skipped="0" failed="0" ignored="0" total="1" passed="1">
  <reporter-output>
  </reporter-output>
  <suite name="Default suite" duration-ms="2485" started-at="2021-03-06T11:43:39Z" finished-at="2021-03-06T11:43:42Z">
    <groups>
      <group name="cucumber">
        <method signature="AbstractTestNGCucumberTests.feature(cucumber.api.testng.CucumberFeatureWrapper)[pri:0, instance:com.webapp.runner.ExcelRunner@60a8c0]" name="feature" class="cucumber.api.testng.AbstractTestNGCucumberTests"/>
      </group> <!-- cucumber -->
    </groups>
    <test name="Default test" duration-ms="2485" started-at="2021-03-06T11:43:39Z" finished-at="2021-03-06T11:43:42Z">
      <class name="com.webapp.runner.ExcelRunner">
        <test-method status="PASS" signature="setUpClass()[pri:0, instance:com.webapp.runner.ExcelRunner@60a8c0]" name="setUpClass" is-config="true" duration-ms="524" started-at="2021-03-06T17:13:39Z" finished-at="2021-03-06T17:13:40Z">
          <reporter-output>
          </reporter-output>
        </test-method> <!-- setUpClass -->
        <test-method status="PASS" signature="feature(cucumber.api.testng.CucumberFeatureWrapper)[pri:0, instance:com.webapp.runner.ExcelRunner@60a8c0]" name="feature" duration-ms="1658" started-at="2021-03-06T17:13:40Z" description="Runs Cucumber Feature" data-provider="features" finished-at="2021-03-06T17:13:41Z">
          <params>
            <param index="0">
              <value>
                <![CDATA[This process is to read excel using cucumber]]>
              </value>
            </param>
          </params>
          <reporter-output>
          </reporter-output>
        </test-method> <!-- feature -->
        <test-method status="PASS" signature="tearDownClass()[pri:0, instance:com.webapp.runner.ExcelRunner@60a8c0]" name="tearDownClass" is-config="true" duration-ms="83" started-at="2021-03-06T17:13:41Z" finished-at="2021-03-06T17:13:42Z">
          <reporter-output>
          </reporter-output>
        </test-method> <!-- tearDownClass -->
      </class> <!-- com.webapp.runner.ExcelRunner -->
    </test> <!-- Default test -->
  </suite> <!-- Default suite -->
</testng-results>
