<?xml version="1.0" encoding="UTF-8"?>
<!-- Generated by org.testng.reporters.JUnitXMLReporter -->
<testsuite hostname="DESKTOP-GAOM8LM" ignored="0" name="Command line test" tests="1" failures="1" timestamp="2020-09-21T21:29:42 IST" time="31.88" errors="0">
  <testcase name="runScenario" time="29.09" classname="io.cucumber.testng.AbstractTestNGCucumberTests">
    <failure type="java.lang.IllegalArgumentException" message="Keys to send should be a not null CharSequence">
      <![CDATA[java.lang.IllegalArgumentException: Keys to send should be a not null CharSequence
at org.openqa.selenium.remote.RemoteWebElement.sendKeys(RemoteWebElement.java:97)
at org.openqa.selenium.support.pagefactory.internal.LocatingElementHandler.invoke(LocatingElementHandler.java:51)
at com.sun.proxy.$Proxy15.sendKeys(Unknown Source)
at com.webapp.pages.Form.validatename(Form.java:28)
at com.webapp.steps.OrangeSteps.The_user_enters_the_username(OrangeSteps.java:25)
at ✽.The user enters the username(file:///C:/eclipse/moblie%20automation/UIpractices/./src/main/java/com/webapp/features/login.feature:7)
... Removed 4 stack frames]]>
    </failure>
  </testcase> <!-- runScenario -->
</testsuite> <!-- Command line test -->
