<?xml version="1.0" encoding="UTF-8"?>
<testng-results skipped="0" failed="1" ignored="0" total="1" passed="0">
  <reporter-output>
  </reporter-output>
  <suite name="com.webapp.runner.TestRunner" duration-ms="31880" started-at="2020-09-21T21:29:10 IST" finished-at="2020-09-21T21:29:42 IST">
    <groups>
      <group name="cucumber">
        <method signature="AbstractTestNGCucumberTests.runScenario(io.cucumber.testng.PickleWrapper, io.cucumber.testng.FeatureWrapper)[pri:0, instance:com.webapp.runner.TestRunner@c6f5b]" name="runScenario" class="io.cucumber.testng.AbstractTestNGCucumberTests"/>
      </group> <!-- cucumber -->
    </groups>
    <test name="Command line test" duration-ms="31880" started-at="2020-09-21T21:29:10 IST" finished-at="2020-09-21T21:29:42 IST">
      <class name="com.webapp.runner.TestRunner">
        <test-method status="PASS" signature="setUpClass()[pri:0, instance:com.webapp.runner.TestRunner@c6f5b]" name="setUpClass" is-config="true" duration-ms="812" started-at="2020-09-21T21:29:10 IST" finished-at="2020-09-21T21:29:11 IST">
          <reporter-output>
          </reporter-output>
        </test-method> <!-- setUpClass -->
        <test-method status="FAIL" signature="runScenario(io.cucumber.testng.PickleWrapper, io.cucumber.testng.FeatureWrapper)[pri:0, instance:com.webapp.runner.TestRunner@c6f5b]" name="runScenario" duration-ms="29090" started-at="2020-09-21T21:29:11 IST" description="Runs Cucumber Scenarios" data-provider="scenarios" finished-at="2020-09-21T21:29:40 IST">
          <params>
            <param index="0">
              <value>
                <![CDATA["To test login feature from OrangeHRM App"]]>
              </value>
            </param>
            <param index="1">
              <value>
                <![CDATA["To test all the functionality of OrangeHRM Demo App"]]>
              </value>
            </param>
          </params>
          <exception class="java.lang.IllegalArgumentException">
            <message>
              <![CDATA[Keys to send should be a not null CharSequence]]>
            </message>
            <full-stacktrace>
              <![CDATA[java.lang.IllegalArgumentException: Keys to send should be a not null CharSequence
at org.openqa.selenium.remote.RemoteWebElement.sendKeys(RemoteWebElement.java:97)
at sun.reflect.NativeMethodAccessorImpl.invoke0(Native Method)
at sun.reflect.NativeMethodAccessorImpl.invoke(NativeMethodAccessorImpl.java:62)
at sun.reflect.DelegatingMethodAccessorImpl.invoke(DelegatingMethodAccessorImpl.java:43)
at java.lang.reflect.Method.invoke(Method.java:498)
at org.openqa.selenium.support.pagefactory.internal.LocatingElementHandler.invoke(LocatingElementHandler.java:51)
at com.sun.proxy.$Proxy15.sendKeys(Unknown Source)
at com.webapp.pages.Form.validatename(Form.java:28)
at com.webapp.steps.OrangeSteps.The_user_enters_the_username(OrangeSteps.java:25)
at ✽.The user enters the username(file:///C:/eclipse/moblie%20automation/UIpractices/./src/main/java/com/webapp/features/login.feature:7)
]]>
            </full-stacktrace>
          </exception> <!-- java.lang.IllegalArgumentException -->
          <reporter-output>
          </reporter-output>
        </test-method> <!-- runScenario -->
        <test-method status="PASS" signature="tearDownClass()[pri:0, instance:com.webapp.runner.TestRunner@c6f5b]" name="tearDownClass" is-config="true" duration-ms="1622" started-at="2020-09-21T21:29:40 IST" finished-at="2020-09-21T21:29:42 IST">
          <reporter-output>
          </reporter-output>
        </test-method> <!-- tearDownClass -->
      </class> <!-- com.webapp.runner.TestRunner -->
    </test> <!-- Command line test -->
  </suite> <!-- com.webapp.runner.TestRunner -->
</testng-results>
