<?xml version="1.0" encoding="UTF-8" ?>
<testsuite tests="1" failures="1" name="com.webapp.runner.TestRunner" time="29.303" errors="0" skipped="0">
  <properties>
[...]
</properties>
  <testcase classname="com.webapp.runner.TestRunner" name="runScenario" time="29.303">
    <failure message="Keys to send should be a not null CharSequence" type="java.lang.IllegalArgumentException">java.lang.IllegalArgumentException: Keys to send should be a not null CharSequence
	at org.openqa.selenium.remote.RemoteWebElement.sendKeys(RemoteWebElement.java:97)
	at sun.reflect.NativeMethodAccessorImpl.invoke0(Native Method)
	at sun.reflect.NativeMethodAccessorImpl.invoke(NativeMethodAccessorImpl.java:62)
	at sun.reflect.DelegatingMethodAccessorImpl.invoke(DelegatingMethodAccessorImpl.java:43)
	at java.lang.reflect.Method.invoke(Method.java:498)
	at org.openqa.selenium.support.pagefactory.internal.LocatingElementHandler.invoke(LocatingElementHandler.java:51)
	at com.sun.proxy.$Proxy15.sendKeys(Unknown Source)
	at com.webapp.pages.Form.validatename(Form.java:28)
	at com.webapp.steps.OrangeSteps.The_user_enters_the_username(OrangeSteps.java:25)
	at ✽.The user enters the username(file:///C:/eclipse/moblie%20automation/UIpractices/./src/main/java/com/webapp/features/login.feature:7)
</failure>
    <system-out>Configuring TestNG with: org.apache.maven.surefire.testng.conf.TestNG652Configurator@179e8cb

@Regression @Login
Scenario: To test login feature from OrangeHRM App # src/main/java/com/webapp/features/login.feature:5
  Given the user launches the url                  # com.webapp.steps.OrangeSteps.the_user_launches_the_url()
  When The user enters the username                # com.webapp.steps.OrangeSteps.The_user_enters_the_username()
      java.lang.IllegalArgumentException: Keys to send should be a not null CharSequence
	at org.openqa.selenium.remote.RemoteWebElement.sendKeys(RemoteWebElement.java:97)
	at sun.reflect.NativeMethodAccessorImpl.invoke0(Native Method)
	at sun.reflect.NativeMethodAccessorImpl.invoke(NativeMethodAccessorImpl.java:62)
	at sun.reflect.DelegatingMethodAccessorImpl.invoke(DelegatingMethodAccessorImpl.java:43)
	at java.lang.reflect.Method.invoke(Method.java:498)
	at org.openqa.selenium.support.pagefactory.internal.LocatingElementHandler.invoke(LocatingElementHandler.java:51)
	at com.sun.proxy.$Proxy15.sendKeys(Unknown Source)
	at com.webapp.pages.Form.validatename(Form.java:28)
	at com.webapp.steps.OrangeSteps.The_user_enters_the_username(OrangeSteps.java:25)
	at ?.The user enters the username(file:///C:/eclipse/moblie%20automation/UIpractices/./src/main/java/com/webapp/features/login.feature:7)

</system-out>
    <system-err>SLF4J: Failed to load class &quot;org.slf4j.impl.StaticLoggerBinder&quot;.
SLF4J: Defaulting to no-operation (NOP) logger implementation
SLF4J: See http://www.slf4j.org/codes.html#StaticLoggerBinder for further details.
ChromeDriver was started successfully.
Sep 21, 2020 9:29:28 PM org.openqa.selenium.remote.ProtocolHandshake createSession
INFO: Detected dialect: W3C
</system-err>
  </testcase>
</testsuite>