<?xml version="1.0" encoding="UTF-8"?>
<testng-results skipped="0" failed="0" total="1" passed="1">
  <reporter-output>
  </reporter-output>
  <suite name="com.webapp.runner.TestRunner" duration-ms="25274" started-at="2021-03-06T11:14:13Z" finished-at="2021-03-06T11:14:39Z">
    <groups>
      <group name="cucumber">
        <method signature="AbstractTestNGCucumberTests.feature(cucumber.api.testng.CucumberFeatureWrapper)[pri:0, instance:com.webapp.runner.TestRunner@1975490]" name="feature" class="cucumber.api.testng.AbstractTestNGCucumberTests"/>
      </group> <!-- cucumber -->
    </groups>
    <test name="Command line test" duration-ms="25274" started-at="2021-03-06T11:14:13Z" finished-at="2021-03-06T11:14:39Z">
      <class name="com.webapp.runner.TestRunner">
        <test-method status="PASS" signature="setUpClass()[pri:0, instance:com.webapp.runner.TestRunner@1975490]" name="setUpClass" is-config="true" duration-ms="606" started-at="2021-03-06T16:44:13Z" finished-at="2021-03-06T16:44:14Z">
          <reporter-output>
          </reporter-output>
        </test-method> <!-- setUpClass -->
        <test-method status="PASS" signature="feature(cucumber.api.testng.CucumberFeatureWrapper)[pri:0, instance:com.webapp.runner.TestRunner@1975490]" name="feature" duration-ms="23657" started-at="2021-03-06T16:44:14Z" description="Runs Cucumber Feature" data-provider="features" finished-at="2021-03-06T16:44:38Z">
          <params>
            <param index="0">
              <value>
                <![CDATA[To test all the functionality of OrangeHRM Demo App]]>
              </value>
            </param>
          </params>
          <reporter-output>
          </reporter-output>
        </test-method> <!-- feature -->
        <test-method status="PASS" signature="tearDownClass()[pri:0, instance:com.webapp.runner.TestRunner@1975490]" name="tearDownClass" is-config="true" duration-ms="751" started-at="2021-03-06T16:44:38Z" finished-at="2021-03-06T16:44:39Z">
          <reporter-output>
          </reporter-output>
        </test-method> <!-- tearDownClass -->
      </class> <!-- com.webapp.runner.TestRunner -->
    </test> <!-- Command line test -->
  </suite> <!-- com.webapp.runner.TestRunner -->
</testng-results>
